[2025-09-04T23:31:18+02:00] Intento 1/3: OK (servicio accesible).
[2025-09-04T23:31:22+02:00] Intento 1/3: OK (servicio accesible).
[2025-09-04T23:45:02+02:00] Intento 1/3: OK (servicio accesible).
[2025-09-05T00:00:01+02:00] Intento 1/3: OK.
[2025-09-05T00:02:52+02:00] Intento 1/3: OK.
[2025-09-05T00:02:52+02:00] Telegram no configurado.
[2025-09-05T00:03:45+02:00] Intento 1/3: OK.
[2025-09-05T00:03:51+02:00] Intento 1/3: OK.
[2025-09-05T00:04:28+02:00] Intento 1/3: fallo persistente.
[2025-09-05T00:10:56+02:00] Intento 1/3: fallo persistente.
[2025-09-05T00:11:17+02:00] Intento 2/3: fallo persistente.
[2025-09-05T00:11:37+02:00] Intento 3/3: fallo persistente.
[2025-09-05T00:11:37+02:00] ❌ Watchdog: servicio en 443 caído.\nAcción: REINICIO del host.\nHost: MiniPC\nDominio: cloud.herrerosolis.com
[2025-09-05T00:15:01+02:00] En cooldown: faltan 21396s para reinicio.
[2025-09-05T00:30:01+02:00] En cooldown: faltan 20496s para reinicio.
[2025-09-05T00:45:01+02:00] En cooldown: faltan 19596s para reinicio.
[2025-09-05T01:00:01+02:00] En cooldown: faltan 18696s para reinicio.
[2025-09-05T01:15:01+02:00] En cooldown: faltan 17796s para reinicio.
[2025-09-05T01:30:01+02:00] En cooldown: faltan 16896s para reinicio.
[2025-09-05T01:45:01+02:00] En cooldown: faltan 15996s para reinicio.
[2025-09-05T02:00:01+02:00] En cooldown: faltan 15096s para reinicio.
[2025-09-05T02:15:01+02:00] En cooldown: faltan 14196s para reinicio.
[2025-09-05T02:30:01+02:00] En cooldown: faltan 13296s para reinicio.
[2025-09-05T02:45:01+02:00] En cooldown: faltan 12396s para reinicio.
[2025-09-05T03:00:01+02:00] En cooldown: faltan 11496s para reinicio.
[2025-09-05T03:15:01+02:00] En cooldown: faltan 10596s para reinicio.
[2025-09-05T03:30:01+02:00] En cooldown: faltan 9696s para reinicio.
[2025-09-05T03:45:02+02:00] En cooldown: faltan 8795s para reinicio.
[2025-09-05T04:00:01+02:00] En cooldown: faltan 7896s para reinicio.
[2025-09-05T04:15:01+02:00] En cooldown: faltan 6996s para reinicio.
[2025-09-05T04:30:01+02:00] En cooldown: faltan 6096s para reinicio.
[2025-09-05T04:45:01+02:00] En cooldown: faltan 5196s para reinicio.
[2025-09-05T05:00:01+02:00] En cooldown: faltan 4296s para reinicio.
[2025-09-05T05:15:01+02:00] En cooldown: faltan 3396s para reinicio.
[2025-09-05T05:30:01+02:00] En cooldown: faltan 2496s para reinicio.
[2025-09-05T05:45:01+02:00] En cooldown: faltan 1596s para reinicio.
[2025-09-05T06:00:01+02:00] En cooldown: faltan 696s para reinicio.
[2025-09-05T06:15:01+02:00] Intento 1/3: OK.
[2025-09-05T06:30:01+02:00] Intento 1/3: OK.
[2025-09-05T06:45:02+02:00] Intento 1/3: OK.
[2025-09-05T07:00:01+02:00] Intento 1/3: OK.
[2025-09-05T07:15:01+02:00] Intento 1/3: OK.
[2025-09-05T07:30:01+02:00] Intento 1/3: OK.
[2025-09-05T07:45:01+02:00] Intento 1/3: OK.
[2025-09-05T08:00:01+02:00] Intento 1/3: OK.
[2025-09-05T08:15:01+02:00] Intento 1/3: OK.
[2025-09-05T08:30:01+02:00] Intento 1/3: OK.
[2025-09-05T08:45:01+02:00] Intento 1/3: OK.
[2025-09-05T09:00:01+02:00] Intento 1/3: OK.
[2025-09-05T09:15:01+02:00] Intento 1/3: OK.
[2025-09-05T09:30:01+02:00] Intento 1/3: OK.
[2025-09-05T09:45:01+02:00] Intento 1/3: OK.
[2025-09-05T10:00:01+02:00] Intento 1/3: OK.
[2025-09-05T10:15:01+02:00] Intento 1/3: OK.
[2025-09-05T10:30:01+02:00] Intento 1/3: OK.
[2025-09-05T10:45:02+02:00] Intento 1/3: OK.
[2025-09-05T11:00:01+02:00] Intento 1/3: OK.
[2025-09-05T11:15:01+02:00] Intento 1/3: OK.
[2025-09-05T11:30:02+02:00] Intento 1/3: OK.
[2025-09-05T11:45:02+02:00] Intento 1/3: OK.
[2025-09-05T12:00:02+02:00] Intento 1/3: OK.
[2025-09-05T12:15:01+02:00] Intento 1/3: OK.
[2025-09-05T12:30:01+02:00] Intento 1/3: OK.
[2025-09-05T12:49:54+02:00] Intento 1/3: OK.
